<?xml version="1.0" encoding="UTF-8"?>
<testng-results ignored="0" total="1" passed="1" failed="0" skipped="0">
  <reporter-output>
  </reporter-output>
  <suite started-at="2022-10-20T12:14:40 IST" name="Default suite" finished-at="2022-10-20T12:14:52 IST" duration-ms="11830">
    <groups>
    </groups>
    <test started-at="2022-10-20T12:14:40 IST" name="Default test" finished-at="2022-10-20T12:14:52 IST" duration-ms="11830">
      <class name="TestCase.PopularMakepageTest">
        <test-method is-config="true" signature="setUp()[pri:0, instance:TestCase.PopularMakepageTest@f6efaab]" started-at="2022-10-20T12:14:40 IST" name="setUp" finished-at="2022-10-20T12:14:45 IST" duration-ms="4574" status="PASS">
          <reporter-output>
          </reporter-output>
        </test-method> <!-- setUp -->
        <test-method signature="testSomeMethod()[pri:0, instance:TestCase.PopularMakepageTest@f6efaab]" started-at="2022-10-20T12:14:45 IST" name="testSomeMethod" finished-at="2022-10-20T12:14:52 IST" duration-ms="7224" status="PASS">
          <reporter-output>
          </reporter-output>
        </test-method> <!-- testSomeMethod -->
        <test-method is-config="true" signature="tearDown()[pri:0, instance:TestCase.PopularMakepageTest@f6efaab]" started-at="2022-10-20T12:14:52 IST" name="tearDown" finished-at="2022-10-20T12:14:52 IST" duration-ms="1" status="PASS">
          <reporter-output>
          </reporter-output>
        </test-method> <!-- tearDown -->
      </class> <!-- TestCase.PopularMakepageTest -->
    </test> <!-- Default test -->
  </suite> <!-- Default suite -->
</testng-results>
