<?xml version="1.0" encoding="UTF-8"?>
<testng-results ignored="0" total="1" passed="1" failed="0" skipped="0">
  <reporter-output>
  </reporter-output>
  <suite started-at="2022-10-19T23:09:37 IST" name="Default suite" finished-at="2022-10-19T23:09:43 IST" duration-ms="5854">
    <groups>
    </groups>
    <test started-at="2022-10-19T23:09:37 IST" name="Default test" finished-at="2022-10-19T23:09:43 IST" duration-ms="5854">
      <class name="TestCase.LoginpageTest">
        <test-method is-config="true" signature="setUp()[pri:0, instance:TestCase.LoginpageTest@f6efaab]" started-at="2022-10-19T23:09:37 IST" name="setUp" finished-at="2022-10-19T23:09:41 IST" duration-ms="3935" status="PASS">
          <reporter-output>
          </reporter-output>
        </test-method> <!-- setUp -->
        <test-method signature="loginTest()[pri:0, instance:TestCase.LoginpageTest@f6efaab]" started-at="2022-10-19T23:09:41 IST" name="loginTest" finished-at="2022-10-19T23:09:43 IST" duration-ms="1829" status="PASS">
          <reporter-output>
          </reporter-output>
        </test-method> <!-- loginTest -->
        <test-method is-config="true" signature="tearDown()[pri:0, instance:TestCase.LoginpageTest@f6efaab]" started-at="2022-10-19T23:09:43 IST" name="tearDown" finished-at="2022-10-19T23:09:43 IST" duration-ms="60" status="PASS">
          <reporter-output>
          </reporter-output>
        </test-method> <!-- tearDown -->
      </class> <!-- TestCase.LoginpageTest -->
    </test> <!-- Default test -->
  </suite> <!-- Default suite -->
</testng-results>
